<?xml version="1.0" encoding="UTF-8"?>
<!-- Generated by org.testng.reporters.JUnitReportReporter -->
<testsuite hostname="nikhil" failures="0" tests="1" name="com.shopperstack_TestScript.Tc_001_Verify_user_is_able_to_addAddresses_or_not" time="26.945" errors="0" timestamp="2024-11-16T08:18:34 IST" skipped="0">
  <testcase classname="com.shopperstack_TestScript.Tc_001_Verify_user_is_able_to_addAddresses_or_not" name="addAddress" time="26.945"/>
</testsuite> <!-- com.shopperstack_TestScript.Tc_001_Verify_user_is_able_to_addAddresses_or_not -->
