<?xml version="1.0" encoding="UTF-8"?>
<!-- Generated by org.testng.reporters.JUnitReportReporter -->
<testsuite hostname="nikhil" failures="0" tests="1" name="com.shopperstack_TestScript.Tc_002_Verify_user_is_delete_Address_or_not" time="25.481" errors="0" timestamp="2024-11-16T08:52:26 IST" skipped="0">
  <testcase classname="com.shopperstack_TestScript.Tc_002_Verify_user_is_delete_Address_or_not" name="deleteAddress" time="25.481"/>
</testsuite> <!-- com.shopperstack_TestScript.Tc_002_Verify_user_is_delete_Address_or_not -->
