<?xml version="1.0" encoding="UTF-8"?>
<!-- Generated by org.testng.reporters.JUnitReportReporter -->
<testsuite hostname="nikhil" failures="0" tests="1" name="com.shopperstack_TestScript.Tc_003_Verify_user_Place_order_or_not_Test" time="30.367" errors="0" timestamp="2024-11-18T10:18:17 IST" skipped="0">
  <testcase classname="com.shopperstack_TestScript.Tc_003_Verify_user_Place_order_or_not_Test" name="orderProduct" time="30.367"/>
</testsuite> <!-- com.shopperstack_TestScript.Tc_003_Verify_user_Place_order_or_not_Test -->
