<?xml version="1.0" encoding="UTF-8"?>
<!-- Generated by org.testng.reporters.JUnitReportReporter -->
<testsuite hostname="nikhil" failures="0" tests="1" name="com.shopperstack_TestScript.Tc_002_Verify_user_is_delete_Address_or_not_Test" time="30.384" errors="0" timestamp="2024-11-19T10:56:55 IST" skipped="0">
  <testcase classname="com.shopperstack_TestScript.Tc_002_Verify_user_is_delete_Address_or_not_Test" name="deleteAddress" time="30.384"/>
</testsuite> <!-- com.shopperstack_TestScript.Tc_002_Verify_user_is_delete_Address_or_not_Test -->
