<?xml version="1.0" encoding="UTF-8"?>
<!-- Generated by org.testng.reporters.JUnitReportReporter -->
<testsuite hostname="nikhil" failures="0" tests="1" name="com.shopperstack_TestScript.Tc_001_Verify_user_is_able_to_addAddresses_or_not_Test" time="31.754" errors="0" timestamp="2024-11-19T10:56:55 IST" skipped="0">
  <testcase classname="com.shopperstack_TestScript.Tc_001_Verify_user_is_able_to_addAddresses_or_not_Test" name="addAddress" time="31.754"/>
</testsuite> <!-- com.shopperstack_TestScript.Tc_001_Verify_user_is_able_to_addAddresses_or_not_Test -->
